<?xml version="1.0" encoding="UTF-8"?>
<!-- Generated by org.testng.reporters.JUnitXMLReporter -->
<testsuite ignored="2" hostname="LT091699" failures="0" tests="1" name="Default test" time="0.099" errors="0" timestamp="2023-06-13T12:32:20 IST">
  <testcase classname="Base.TestBase" name="@BeforeClass openBrowser" time="-1.686639740814E9">
    <failure type="org.testng.TestNGException" message="
Parameter &amp;apos;browser&amp;apos; is required by BeforeClass on method openBrowser but has not been marked @Optional or defined
in C:\Users\2269271\AppData\Local\Temp\testng-eclipse--888658447\testng-customsuite.xml">
      <![CDATA[org.testng.TestNGException: 
Parameter 'browser' is required by BeforeClass on method openBrowser but has not been marked @Optional or defined
in C:\Users\2269271\AppData\Local\Temp\testng-eclipse--888658447\testng-customsuite.xml
at org.testng.internal.Parameters.createParams(Parameters.java:270)
at org.testng.internal.Parameters.createParametersForMethod(Parameters.java:358)
at org.testng.internal.Parameters.createParameters(Parameters.java:700)
at org.testng.internal.Parameters.createConfigurationParameters(Parameters.java:168)
at org.testng.internal.ConfigInvoker.invokeConfigurations(ConfigInvoker.java:302)
at org.testng.internal.TestMethodWorker.invokeBeforeClassMethods(TestMethodWorker.java:176)
at org.testng.internal.TestMethodWorker.run(TestMethodWorker.java:122)
at java.base/java.util.ArrayList.forEach(ArrayList.java:1511)
at org.testng.TestRunner.privateRun(TestRunner.java:794)
at org.testng.TestRunner.run(TestRunner.java:596)
at org.testng.SuiteRunner.runTest(SuiteRunner.java:377)
at org.testng.SuiteRunner.runSequentially(SuiteRunner.java:371)
at org.testng.SuiteRunner.privateRun(SuiteRunner.java:332)
at org.testng.SuiteRunner.run(SuiteRunner.java:276)
at org.testng.SuiteRunnerWorker.runSuite(SuiteRunnerWorker.java:53)
at org.testng.SuiteRunnerWorker.run(SuiteRunnerWorker.java:96)
at org.testng.TestNG.runSuitesSequentially(TestNG.java:1212)
at org.testng.TestNG.runSuitesLocally(TestNG.java:1134)
at org.testng.TestNG.runSuites(TestNG.java:1063)
at org.testng.TestNG.run(TestNG.java:1031)
at org.testng.remote.AbstractRemoteTestNG.run(AbstractRemoteTestNG.java:115)
at org.testng.remote.RemoteTestNG.initAndRun(RemoteTestNG.java:251)
at org.testng.remote.RemoteTestNG.main(RemoteTestNG.java:77)
]]>
    </failure>
  </testcase> <!-- @BeforeClass openBrowser -->
  <testcase classname="Test.ZigWheelUsedCars" name="@BeforeClass setHomePage" time="-1.686639740829E9">
    <skipped/>
  </testcase> <!-- @BeforeClass setHomePage -->
  <testcase classname="Test.ZigWheelUsedCars" name="@BeforeClass setlocationPage" time="-1.686639740835E9">
    <skipped/>
  </testcase> <!-- @BeforeClass setlocationPage -->
  <testcase classname="Base.TestBase" name="@AfterClass close" time="-1.686639740876E9">
    <skipped/>
  </testcase> <!-- @AfterClass close -->
  <testcase classname="Base.TestBase" name="@AfterTest reportend" time="-1.686639740883E9">
    <skipped/>
  </testcase> <!-- @AfterTest reportend -->
  <testcase classname="Test.ZigWheelUsedCars" name="printCarName" time="0.0">
    <skipped/>
  </testcase> <!-- printCarName -->
  <testcase classname="Test.ZigWheelUsedCars" name="OpenWebsite" time="0.0">
    <ignored/>
  </testcase> <!-- OpenWebsite -->
  <testcase classname="Test.ZigWheelUsedCars" name="setLocation" time="0.0">
    <ignored/>
  </testcase> <!-- setLocation -->
</testsuite> <!-- Default test -->
