<?xml version="1.0" encoding="UTF-8"?>
<!-- Generated by org.testng.reporters.JUnitXMLReporter -->
<testsuite ignored="0" hostname="LT091699" failures="1" tests="3" name="TestUsedCars" time="82.092" errors="0" timestamp="2023-06-08T18:15:10 IST">
  <testcase classname="Test.ZigWheelUsedCars" name="OpenWebsite" time="66.754"/>
  <testcase classname="Test.ZigWheelUsedCars" name="setLocation" time="6.376">
    <failure type="org.openqa.selenium.ElementClickInterceptedException" message="element click intercepted: Element &amp;lt;span onclick=&amp;quot;goToUrl(&amp;apos;/used-car/...&amp;apos;)&amp;quot; data-track-component=&amp;quot;navigation&amp;quot; data-track-label=&amp;quot;used-cars-chennai&amp;quot; city=&amp;quot;Chennai&amp;quot;&amp;gt;Chennai&amp;lt;/span&amp;gt; is not clickable at point (1172, 111). Other element would receive the click: &amp;lt;span class=&amp;quot;fnt-18&amp;quot;&amp;gt;...&amp;lt;/span&amp;gt;
  (Session info: chrome=98.0.4758.102)
Build info: version: &amp;apos;4.9.0&amp;apos;, revision: &amp;apos;d7057100a6&amp;apos;
System info: os.name: &amp;apos;Windows 10&amp;apos;, os.arch: &amp;apos;amd64&amp;apos;, os.version: &amp;apos;10.0&amp;apos;, java.version: &amp;apos;17.0.6&amp;apos;
Driver info: org.openqa.selenium.chrome.ChromeDriver
Command: [3aa57c1f4705100449bc4b84f492ca3f, clickElement {id=a65699c3-0104-4d25-920b-c79169a213da}]
Capabilities {acceptInsecureCerts: false, browserName: chrome, browserVersion: 98.0.4758.102, chrome: {chromedriverVersion: 98.0.4758.102 (273bf7ac8c90..., userDataDir: C:\Users\2269271\AppData\Lo...}, goog:chromeOptions: {debuggerAddress: localhost:50425}, networkConnectionEnabled: false, pageLoadStrategy: normal, platformName: WINDOWS, proxy: Proxy(), se:cdp: ws://localhost:50425/devtoo..., se:cdpVersion: 98.0.4758.102, setWindowRect: true, strictFileInteractability: false, timeouts: {implicit: 0, pageLoad: 300000, script: 30000}, unhandledPromptBehavior: dismiss and notify, webauthn:extension:credBlob: true, webauthn:extension:largeBlob: true, webauthn:virtualAuthenticators: true}
Element: [[ChromeDriver: chrome on WINDOWS (3aa57c1f4705100449bc4b84f492ca3f)] -&amp;gt; xpath: //*[@data-track-label=&amp;apos;used-cars-chennai&amp;apos;]]
Session ID: 3aa57c1f4705100449bc4b84f492ca3f">
      <![CDATA[org.openqa.selenium.ElementClickInterceptedException: element click intercepted: Element <span onclick="goToUrl('/used-car/...')" data-track-component="navigation" data-track-label="used-cars-chennai" city="Chennai">Chennai</span> is not clickable at point (1172, 111). Other element would receive the click: <span class="fnt-18">...</span>
  (Session info: chrome=98.0.4758.102)
Build info: version: '4.9.0', revision: 'd7057100a6'
System info: os.name: 'Windows 10', os.arch: 'amd64', os.version: '10.0', java.version: '17.0.6'
Driver info: org.openqa.selenium.chrome.ChromeDriver
Command: [3aa57c1f4705100449bc4b84f492ca3f, clickElement {id=a65699c3-0104-4d25-920b-c79169a213da}]
Capabilities {acceptInsecureCerts: false, browserName: chrome, browserVersion: 98.0.4758.102, chrome: {chromedriverVersion: 98.0.4758.102 (273bf7ac8c90..., userDataDir: C:\Users\2269271\AppData\Lo...}, goog:chromeOptions: {debuggerAddress: localhost:50425}, networkConnectionEnabled: false, pageLoadStrategy: normal, platformName: WINDOWS, proxy: Proxy(), se:cdp: ws://localhost:50425/devtoo..., se:cdpVersion: 98.0.4758.102, setWindowRect: true, strictFileInteractability: false, timeouts: {implicit: 0, pageLoad: 300000, script: 30000}, unhandledPromptBehavior: dismiss and notify, webauthn:extension:credBlob: true, webauthn:extension:largeBlob: true, webauthn:virtualAuthenticators: true}
Element: [[ChromeDriver: chrome on WINDOWS (3aa57c1f4705100449bc4b84f492ca3f)] -> xpath: //*[@data-track-label='used-cars-chennai']]
Session ID: 3aa57c1f4705100449bc4b84f492ca3f
at org.openqa.selenium.remote.codec.w3c.W3CHttpResponseCodec.createException(W3CHttpResponseCodec.java:200)
at org.openqa.selenium.remote.codec.w3c.W3CHttpResponseCodec.decode(W3CHttpResponseCodec.java:133)
at org.openqa.selenium.remote.codec.w3c.W3CHttpResponseCodec.decode(W3CHttpResponseCodec.java:53)
at org.openqa.selenium.remote.HttpCommandExecutor.execute(HttpCommandExecutor.java:193)
at org.openqa.selenium.remote.service.DriverCommandExecutor.invokeExecute(DriverCommandExecutor.java:183)
at org.openqa.selenium.remote.service.DriverCommandExecutor.execute(DriverCommandExecutor.java:158)
at org.openqa.selenium.remote.RemoteWebDriver.execute(RemoteWebDriver.java:543)
at org.openqa.selenium.remote.RemoteWebElement.execute(RemoteWebElement.java:257)
at org.openqa.selenium.remote.RemoteWebElement.click(RemoteWebElement.java:78)
at org.openqa.selenium.support.pagefactory.internal.LocatingElementHandler.invoke(LocatingElementHandler.java:52)
at jdk.proxy2/jdk.proxy2.$Proxy18.click(Unknown Source)
at ZigWheelsUsedCars.UsedCars.location(UsedCars.java:24)
at Test.ZigWheelUsedCars.setLocation(ZigWheelUsedCars.java:31)
at java.base/java.util.ArrayList.forEach(ArrayList.java:1511)
... Removed 36 stack frames]]>
    </failure>
  </testcase> <!-- setLocation -->
  <testcase classname="Test.ZigWheelUsedCars" name="printCarName" time="0.051"/>
</testsuite> <!-- TestUsedCars -->
